<?xml version="1.0" encoding="UTF-8"?>
<!-- Generated by org.testng.reporters.JUnitReportReporter -->
<testsuite hostname="LAPTOP-8NDP6L68" failures="0" tests="1" name="com.xeneta.DemoHeadingTest" time="8.416" errors="0" timestamp="2021-03-30T18:58:03 CEST" skipped="0">
  <testcase classname="com.xeneta.DemoHeadingTest" name="headingTest" time="8.416"/>
  <system-out/>
</testsuite> <!-- com.xeneta.DemoHeadingTest -->
