<?xml version="1.0" encoding="UTF-8"?>
<!-- Generated by org.testng.reporters.JUnitReportReporter -->
<testsuite hostname="LAPTOP-8NDP6L68" failures="0" tests="1" name="com.xeneta.FirstTests" time="20.134" errors="0" timestamp="2021-03-28T00:20:30 CET" skipped="0">
  <testcase classname="com.xeneta.FirstTests" name="watchVideo" time="20.134"/>
  <system-out/>
</testsuite> <!-- com.xeneta.FirstTests -->
