<?xml version="1.0" encoding="UTF-8"?>
<!-- Generated by org.testng.reporters.JUnitReportReporter -->
<testsuite hostname="LAPTOP-8NDP6L68" failures="0" tests="3" name="com.xeneta.CareersVisitLinkTests" time="28.986" errors="0" timestamp="2021-03-30T18:58:03 CEST" skipped="0">
  <testcase classname="com.xeneta.CareersVisitLinkTests" name="osloVisitLink" time="9.448"/>
  <system-out/>
  <testcase classname="com.xeneta.CareersVisitLinkTests" name="newYorkVisitLink" time="9.549"/>
  <system-out/>
  <testcase classname="com.xeneta.CareersVisitLinkTests" name="hamburgVisitLink" time="9.989"/>
  <system-out/>
</testsuite> <!-- com.xeneta.CareersVisitLinkTests -->
