<?xml version="1.0" encoding="UTF-8"?>
<!-- Generated by org.testng.reporters.JUnitReportReporter -->
<testsuite hostname="LAPTOP-8NDP6L68" failures="0" tests="5" name="com.xeneta.OpenRolesTests" time="41.214" errors="0" timestamp="2021-03-30T18:58:03 CEST" skipped="0">
  <testcase classname="com.xeneta.OpenRolesTests" name="openRolesCountTest" time="7.082"/>
  <system-out/>
  <testcase classname="com.xeneta.OpenRolesTests" name="clickExpandRoleTest" time="7.617"/>
  <system-out/>
  <testcase classname="com.xeneta.OpenRolesTests" name="repeatingRolesTest" time="7.122"/>
  <system-out/>
  <testcase classname="com.xeneta.OpenRolesTests" name="checkRoleTest" time="7.293"/>
  <system-out/>
  <testcase classname="com.xeneta.OpenRolesTests" name="checkApplyLinkTest" time="12.100"/>
  <system-out/>
</testsuite> <!-- com.xeneta.OpenRolesTests -->
