<?xml version="1.0" encoding="UTF-8"?>
<!-- Generated by org.testng.reporters.JUnitReportReporter -->
<testsuite hostname="LAPTOP-8NDP6L68" failures="0" tests="1" name="com.xeneta.OpenRolesTest" time="11.463" errors="0" timestamp="2021-03-30T13:24:21 CEST" skipped="0">
  <testcase classname="com.xeneta.OpenRolesTest" name="openRolesTest" time="11.463"/>
  <system-out/>
</testsuite> <!-- com.xeneta.OpenRolesTest -->
