<?xml version="1.0" encoding="UTF-8"?>
<!-- Generated by org.testng.reporters.JUnitReportReporter -->
<testsuite hostname="LAPTOP-8NDP6L68" failures="0" tests="1" name="com.xeneta.DemoHeadingTest" time="8.931" errors="0" timestamp="2021-03-28T20:31:19 CEST" skipped="0">
  <testcase classname="com.xeneta.DemoHeadingTest" name="headingTest" time="8.931"/>
  <system-out/>
</testsuite> <!-- com.xeneta.DemoHeadingTest -->
