<?xml version="1.0" encoding="UTF-8"?>
<!-- Generated by org.testng.reporters.JUnitReportReporter -->
<testsuite hostname="LAPTOP-8NDP6L68" failures="0" tests="1" name="com.xeneta.WatchVideosTest" time="9.285" errors="0" timestamp="2021-03-28T20:31:19 CEST" skipped="0">
  <testcase classname="com.xeneta.WatchVideosTest" name="watchVideo" time="9.285"/>
  <system-out/>
</testsuite> <!-- com.xeneta.WatchVideosTest -->
